* using log directory 'C:/RDBprocessing/RDBprocessing.Rcheck'
* using R version 4.2.0 (2022-04-22 ucrt)
* using platform: x86_64-w64-mingw32 (64-bit)
* using session charset: UTF-8
* using options '--no-manual --as-cran'
* checking for file 'RDBprocessing/DESCRIPTION' ... OK
* this is package 'RDBprocessing' version '0.0.1'
* package encoding: UTF-8
* checking package namespace information ... OK
* checking package dependencies ... OK
* checking if this is a source package ... OK
* checking if there is a namespace ... OK
* checking for executable files ... OK
* checking for hidden files and directories ... OK
* checking for portable file names ... OK
* checking whether package 'RDBprocessing' can be installed ... OK
* checking installed package size ... OK
* checking package directory ... OK
* checking for future file timestamps ... NOTE
unable to verify current time
* checking DESCRIPTION meta-information ... OK
* checking top-level files ... OK
* checking for left-over files ... OK
* checking index information ... OK
* checking package subdirectories ... OK
* checking R files for non-ASCII characters ... OK
* checking R files for syntax errors ... OK
* checking whether the package can be loaded ... OK
* checking whether the package can be loaded with stated dependencies ... OK
* checking whether the package can be unloaded cleanly ... OK
* checking whether the namespace can be loaded with stated dependencies ... OK
* checking whether the namespace can be unloaded cleanly ... OK
* checking loading without being on the library search path ... OK
* checking dependencies in R code ... NOTE
There are ::: calls to the package's namespace in its code. A package
  almost never needs to use ::: for its own objects:
  'Annex17'
* checking S3 generic/method consistency ... OK
* checking replacement functions ... OK
* checking foreign function calls ... OK
* checking R code for possible problems ... OK
* checking Rd files ... OK
* checking Rd metadata ... OK
* checking Rd line widths ... OK
* checking Rd cross-references ... OK
* checking for missing documentation entries ... OK
* checking for code/documentation mismatches ... WARNING
Variabili in uso nell'oggetto documentazione 'Annex17' ma non nel codice:
  'Annex17'

Variabili in uso nell'oggetto documentazione 'data_ex' ma non nel codice:
  'data_ex'

* checking Rd \usage sections ... OK
* checking Rd contents ... OK
* checking for unstated dependencies in examples ... OK
* checking contents of 'data' directory ... OK
* checking data for non-ASCII characters ... OK
* checking data for ASCII and uncompressed saves ... OK
* checking examples ... ERROR
Running examples in 'RDBprocessing-Ex.R' failed
The error most likely occurred in:

> base::assign(".ptime", proc.time(), pos = "CheckExEnv")
> ### Name: ML_MEDBS
> ### Title: Maturity at length (ML) table - MED & BS data call
> ### Aliases: ML_MEDBS
> 
> ### ** Examples
> 
> ML_MEDBS(RDBprocessing::data_ex)
Error: 'data_ex' is not an exported object from 'namespace:RDBprocessing'
Execution halted
* checking for non-standard things in the check directory ... OK
* checking for detritus in the temp directory ... OK
* DONE
Status: 1 ERROR, 1 WARNING, 2 NOTEs
